build/app/outputs/mapping/release/seeds.txt
com.sado.ksa.MainActivity
com.sado.ksa.MainActivity: MainActivity()
...
com.pichillilorenzo.flutter_inappwebview_android.plugin_scripts_js.OnWindowBlurEventJS: com.pichillilorenzo.flutter_inappwebview_android.types.PluginScript ON_WINDOW_BLUR_EVENT_JS_PLUGIN_SCRIPT
androidx.core.app.ComponentActivity: androidx.collection.SimpleArrayMap extraDataMap
com.pichillilorenzo.flutter_inappwebview_android.webview.WebViewChannelDelegateMethods: com.pichillilorenzo.flutter_inappwebview_android.webview.WebViewChannelDelegateMethods getCertificate
com.pichillilorenzo.flutter_inappwebview_android.webview.in_app_webview.InAppWebView: java.util.List webMessageListeners
com.pichillilorenzo.flutter_inappwebview_android.R$id: int progressBar
com.pichillilorenzo.flutter_inappwebview_android.R$dimen: int abc_button_inset_horizontal_material
com.pichillilorenzo.flutter_inappwebview_android.R$attr: int toolbarStyle
com.pichillilorenzo.flutter_inappwebview_android.R$style: int ThemeOverlay_AppCompat_DayNight
com.dexterous.flutterlocalnotifications.models.NotificationDetails: java.lang.String icon
com.dexterous.flutterlocalnotifications.FlutterLocalNotificationsPlugin: android.app.Activity mainActivity
com.pichillilorenzo.flutter_inappwebview_android.R$attr: int textAppearanceSearchResultSubtitle
com.pichillilorenzo.flutter_inappwebview_android.InAppWebViewFileProvider: java.lang.String fileProviderAuthorityExtension
com.pichillilorenzo.flutter_inappwebview_android.R$style: int Base_Widget_AppCompat_Button
com.pichillilorenzo.flutter_inappwebview_android.R$style: int Widget_AppCompat_Light_ListView_DropDown
org.chromium.support_lib_boundary.ProcessGlobalConfigConstants: java.lang.String DATA_DIRECTORY_SUFFIX
io.flutter.embedding.engine.renderer.FlutterRenderer$ImageReaderSurfaceProducer: java.util.ArrayDeque imageReaderQueue
com.pichillilorenzo.flutter_inappwebview_android.R$attr: int textAppearancePopupMenuHeader
com.pichillilorenzo.flutter_inappwebview_android.types.CustomTabsMenuItem: int id
io.flutter.embedding.engine.FlutterJNI: io.flutter.plugin.localization.LocalizationPlugin localizationPlugin
com.pichillilorenzo.flutter_inappwebview_android.service_worker.ServiceWorkerManager: java.lang.String METHOD_CHANNEL_NAME
com.pichillilorenzo.flutter_inappwebview_android.chrome_custom_tabs.ChromeCustomTabsActivity: java.lang.String initialReferrer
com.pichillilorenzo.flutter_inappwebview_android.InAppWebViewFlutterPlugin: com.pichillilorenzo.flutter_inappwebview_android.process_global_config.ProcessGlobalConfigManager processGlobalConfigManager
com.pichillilorenzo.flutter_inappwebview_android.R$style: int RtlOverlay_Widget_AppCompat_PopupMenuItem_Shortcut
com.pichillilorenzo.flutter_inappwebview_android.types.URLProtectionSpace: java.lang.Long id
com.pichillilorenzo.flutter_inappwebview_android.chrome_custom_tabs.ChromeCustomTabsActivity: boolean onCompletedInitialLoad
androidx.fragment.app.FragmentManager$LaunchedFragmentInfo: android.os.Parcelable$Creator CREATOR
com.pichillilorenzo.flutter_inappwebview_android.MyWebStorage$2: com.pichillilorenzo.flutter_inappwebview_android.MyWebStorage this$0
com.pichillilorenzo.flutter_inappwebview_android.webview.in_app_webview.InAppWebViewClientCompat$1: boolean val$isForMainFrame
com.pichillilorenzo.flutter_inappwebview_android.webview.JavaScriptBridgeInterface: java.lang.String LOG_TAG
com.pichillilorenzo.flutter_inappwebview_android.R$styleable: int Toolbar_logoDescription
com.pichillilorenzo.flutter_inappwebview_android.R$color: int secondary_text_disabled_material_dark
org.chromium.support_lib_boundary.WebSettingsBoundaryInterface$WebauthnSupport: int APP
com.pichillilorenzo.flutter_inappwebview_android.webview.InAppWebViewManager: java.lang.String LOG_TAG
com.pichillilorenzo.flutter_inappwebview_android.R$style: int Widget_AppCompat_ProgressBar_Horizontal
androidx.core.content.FileProvider: java.lang.String mAuthority
com.pichillilorenzo.flutter_inappwebview_android.process_global_config.ProcessGlobalConfigManager: java.lang.String METHOD_CHANNEL_NAME